<?xml version='1.0' encoding='UTF-8'?>
<testsuite hostname="DESKTOP-MU03J0N" name="ejemplo.AnimalSpec" tests="6" errors="0" failures="0" skipped="0" time="0.023" timestamp="2024-05-06T15:10:54">
          <properties>
[...]
</properties>
          <testcase classname="ejemplo.AnimalSpec" name="An Animal should fly" time="0.018">
                      
                    </testcase><testcase classname="ejemplo.AnimalSpec" name="An Animal should swim" time="0.001">
                      
                    </testcase><testcase classname="ejemplo.AnimalSpec" name="An Animal should walk" time="0.001">
                      
                    </testcase><testcase classname="ejemplo.AnimalSpec" name="An Animal should have today's date" time="0.0">
                      
                    </testcase><testcase classname="ejemplo.AnimalSpec" name="A Mamifero should swim" time="0.002">
                      
                    </testcase><testcase classname="ejemplo.AnimalSpec" name="A Mamifero should reproduce" time="0.001">
                      
                    </testcase>
          <system-out><![CDATA[]]></system-out>
          <system-err><![CDATA[]]></system-err>
        </testsuite>